[debug] [2021-10-04T08:54:32.240Z] ----------------------------------------------------------------------
[debug] [2021-10-04T08:54:32.241Z] Command:       C:\Program Files\nodejs\node.exe C:\Users\HP\AppData\Roaming\npm\node_modules\firebase-tools\lib\bin\firebase.js init
[debug] [2021-10-04T08:54:32.242Z] CLI Version:   9.19.0
[debug] [2021-10-04T08:54:32.242Z] Platform:      win32
[debug] [2021-10-04T08:54:32.242Z] Node Version:  v14.18.0
[debug] [2021-10-04T08:54:32.243Z] Time:          Mon Oct 04 2021 14:24:32 GMT+0530 (India Standard Time)
[debug] [2021-10-04T08:54:32.243Z] ----------------------------------------------------------------------
[debug] 
[debug] [2021-10-04T08:54:32.283Z] > command requires scopes: ["email","openid","https://www.googleapis.com/auth/cloudplatformprojects.readonly","https://www.googleapis.com/auth/firebase","https://www.googleapis.com/auth/cloud-platform"]
[debug] [2021-10-04T08:54:32.283Z] > authorizing via signed-in user (shailchaudhary4499@gmail.com)
[info] 
     ######## #### ########  ######## ########     ###     ######  ########
     ##        ##  ##     ## ##       ##     ##  ##   ##  ##       ##
     ######    ##  ########  ######   ########  #########  ######  ######
     ##        ##  ##    ##  ##       ##     ## ##     ##       ## ##
     ##       #### ##     ## ######## ########  ##     ##  ######  ########

You're about to initialize a Firebase project in this directory:

  C:\Users\HP\Desktop\amazonweb

Before we get started, keep in mind:

  * You are initializing within an existing Firebase project directory

[info] 
=== Project Setup
[info] 
[info] First, let's associate this project directory with a Firebase project.
[info] You can create multiple project aliases by running firebase use --add, 
[info] but for now we'll just set up a default project.
[info] 
[info] i  .firebaserc already has a default project, using shop-da139. 
[debug] [2021-10-04T08:54:50.378Z] > refreshing access token with scopes: []
[debug] [2021-10-04T08:54:50.379Z] >>> HTTP REQUEST POST https://www.googleapis.com/oauth2/v3/token  
 <request body omitted>
[debug] [2021-10-04T08:54:51.317Z] <<< HTTP RESPONSE 200 {"cache-control":"no-cache, no-store, max-age=0, must-revalidate","date":"Mon, 04 Oct 2021 08:54:51 GMT","expires":"Mon, 01 Jan 1990 00:00:00 GMT","pragma":"no-cache","content-type":"application/json; charset=utf-8","vary":"X-Origin, Referer, Origin,Accept-Encoding","server":"scaffolding on HTTPServer2","x-xss-protection":"0","x-frame-options":"SAMEORIGIN","x-content-type-options":"nosniff","alt-svc":"h3=\":443\"; ma=2592000,h3-29=\":443\"; ma=2592000,h3-T051=\":443\"; ma=2592000,h3-Q050=\":443\"; ma=2592000,h3-Q046=\":443\"; ma=2592000,h3-Q043=\":443\"; ma=2592000,quic=\":443\"; ma=2592000; v=\"46,43\"","accept-ranges":"none","transfer-encoding":"chunked"}
[debug] [2021-10-04T08:54:51.331Z] >>> [apiv2][query] GET https://firebase.googleapis.com/v1beta1/projects/shop-da139 [none]
[debug] [2021-10-04T08:54:52.444Z] <<< [apiv2][status] GET https://firebase.googleapis.com/v1beta1/projects/shop-da139 200
[debug] [2021-10-04T08:54:52.444Z] <<< [apiv2][body] GET https://firebase.googleapis.com/v1beta1/projects/shop-da139 {"projectId":"shop-da139","projectNumber":"838888742400","displayName":"amazonshop","name":"projects/shop-da139","resources":{"hostingSite":"shop-da139"},"state":"ACTIVE"}
[info] 
=== Hosting Setup
[info] 
[info] Your public directory is the folder (relative to your project directory) that
[info] will contain Hosting assets to be uploaded with firebase deploy. If you
[info] have a build process for your assets, use your build's output directory.
[info] 
[debug] [2021-10-04T08:55:16.458Z] >>> [apiv2][query] GET https://www.gstatic.com/firebasejs/releases.json [none]
[debug] [2021-10-04T08:55:17.201Z] <<< [apiv2][status] GET https://www.gstatic.com/firebasejs/releases.json 200
[debug] [2021-10-04T08:55:17.201Z] <<< [apiv2][body] GET https://www.gstatic.com/firebasejs/releases.json {"current":{"version":"9.1.1","browserURL":"https://www.gstatic.com/firebasejs/9.1.1/firebase.js","packageURL":"https://www.gstatic.com/firebasejs/9.1.1/firebase.tgz"},"live":{"version":"9.1","browserURL":"https://www.gstatic.com/firebasejs/live/9.1/firebase.js","packageURL":"https://www.gstatic.com/firebasejs/live/9.1/firebase.tgz"},"components":{"analytics":"https://www.gstatic.com/firebasejs/9.1.1/firebase-analytics.js","app":"https://www.gstatic.com/firebasejs/9.1.1/firebase-app.js","app-check":"https://www.gstatic.com/firebasejs/9.1.1/firebase-app-check.js","auth":"https://www.gstatic.com/firebasejs/9.1.1/firebase-auth.js","auth/cordova":"https://www.gstatic.com/firebasejs/9.1.1/firebase-auth/cordova.js","auth/react-native":"https://www.gstatic.com/firebasejs/9.1.1/firebase-auth/react-native.js","functions":"https://www.gstatic.com/firebasejs/9.1.1/firebase-functions.js","firestore":"https://www.gstatic.com/firebasejs/9.1.1/firebase-firestore.js","firestore/lite":"https://www.gstatic.com/firebasejs/9.1.1/firebase-firestore/lite.js","storage":"https://www.gstatic.com/firebasejs/9.1.1/firebase-storage.js","performance":"https://www.gstatic.com/firebasejs/9.1.1/firebase-performance.js","remote-config":"https://www.gstatic.com/firebasejs/9.1.1/firebase-remote-config.js","messaging":"https://www.gstatic.com/firebasejs/9.1.1/firebase-messaging.js","messaging/sw":"https://www.gstatic.com/firebasejs/9.1.1/firebase-messaging/sw.js","database":"https://www.gstatic.com/firebasejs/9.1.1/firebase-database.js","firestore.memory":"https://www.gstatic.com/firebasejs/9.1.1/firebase-firestore.memory.js"}}
[info] +  Wrote build/index.html 
[info] 
[info] i  Detected a .git folder at C:\Users\HP\Desktop\amazonweb 
[info] i  Authorizing with GitHub to upload your service account to a GitHub repository's secrets store. 
[info] 
[info] Visit this URL on this device to log in:
[info] https://github.com/login/oauth/authorize?client_id=89cf50f02ac6aaed3484&state=622291084&redirect_uri=http%3A%2F%2Flocalhost%3A9005&scope=read%3Auser%20repo%20public_repo
[info] 
[info] Waiting for authentication...
[debug] [2021-10-04T08:55:19.044Z] Error: spawn cmd ENOENT
    at Process.ChildProcess._handle.onexit (internal/child_process.js:274:19)
    at onErrorNT (internal/child_process.js:469:16)
    at processTicksAndRejections (internal/process/task_queues.js:82:21)
[error] 
[error] Error: An unexpected error has occurred.
[debug] [2021-10-04T08:58:57.567Z] ----------------------------------------------------------------------
[debug] [2021-10-04T08:58:57.569Z] Command:       C:\Program Files\nodejs\node.exe C:\Users\HP\AppData\Roaming\npm\node_modules\firebase-tools\lib\bin\firebase.js init
[debug] [2021-10-04T08:58:57.570Z] CLI Version:   9.19.0
[debug] [2021-10-04T08:58:57.570Z] Platform:      win32
[debug] [2021-10-04T08:58:57.570Z] Node Version:  v14.18.0
[debug] [2021-10-04T08:58:57.570Z] Time:          Mon Oct 04 2021 14:28:57 GMT+0530 (India Standard Time)
[debug] [2021-10-04T08:58:57.571Z] ----------------------------------------------------------------------
[debug] 
[debug] [2021-10-04T08:58:57.611Z] > command requires scopes: ["email","openid","https://www.googleapis.com/auth/cloudplatformprojects.readonly","https://www.googleapis.com/auth/firebase","https://www.googleapis.com/auth/cloud-platform"]
[debug] [2021-10-04T08:58:57.612Z] > authorizing via signed-in user (shailchaudhary4499@gmail.com)
[info] 
     ######## #### ########  ######## ########     ###     ######  ########
     ##        ##  ##     ## ##       ##     ##  ##   ##  ##       ##
     ######    ##  ########  ######   ########  #########  ######  ######
     ##        ##  ##    ##  ##       ##     ## ##     ##       ## ##
     ##       #### ##     ## ######## ########  ##     ##  ######  ########

You're about to initialize a Firebase project in this directory:

  C:\Users\HP\Desktop\amazonweb

Before we get started, keep in mind:

  * You are initializing within an existing Firebase project directory

[debug] [2021-10-04T08:59:55.701Z] ----------------------------------------------------------------------
[debug] [2021-10-04T08:59:55.703Z] Command:       C:\Program Files\nodejs\node.exe C:\Users\HP\AppData\Roaming\npm\node_modules\firebase-tools\lib\bin\firebase.js init
[debug] [2021-10-04T08:59:55.704Z] CLI Version:   9.19.0
[debug] [2021-10-04T08:59:55.704Z] Platform:      win32
[debug] [2021-10-04T08:59:55.704Z] Node Version:  v14.18.0
[debug] [2021-10-04T08:59:55.704Z] Time:          Mon Oct 04 2021 14:29:55 GMT+0530 (India Standard Time)
[debug] [2021-10-04T08:59:55.704Z] ----------------------------------------------------------------------
[debug] 
[debug] [2021-10-04T08:59:55.709Z] > command requires scopes: ["email","openid","https://www.googleapis.com/auth/cloudplatformprojects.readonly","https://www.googleapis.com/auth/firebase","https://www.googleapis.com/auth/cloud-platform"]
[debug] [2021-10-04T08:59:55.710Z] > authorizing via signed-in user (shailchaudhary4499@gmail.com)
[info] 
     ######## #### ########  ######## ########     ###     ######  ########
     ##        ##  ##     ## ##       ##     ##  ##   ##  ##       ##
     ######    ##  ########  ######   ########  #########  ######  ######
     ##        ##  ##    ##  ##       ##     ## ##     ##       ## ##
     ##       #### ##     ## ######## ########  ##     ##  ######  ########

You're about to initialize a Firebase project in this directory:

  C:\Users\HP\Desktop\amazonweb

[info] 
=== Project Setup
[info] 
[info] First, let's associate this project directory with a Firebase project.
[info] You can create multiple project aliases by running firebase use --add, 
[info] but for now we'll just set up a default project.
[info] 
[info] i  If you want to create a project in a Google Cloud organization or folder, please use "firebase projects:create" instead, and return to this command when you've created the project. 
[debug] [2021-10-04T09:01:00.967Z] > refreshing access token with scopes: ["email","https://www.googleapis.com/auth/cloud-platform","https://www.googleapis.com/auth/cloudplatformprojects.readonly","https://www.googleapis.com/auth/firebase","openid"]
[debug] [2021-10-04T09:01:00.967Z] >>> HTTP REQUEST POST https://www.googleapis.com/oauth2/v3/token  
 <request body omitted>
[debug] [2021-10-04T09:01:01.682Z] <<< HTTP RESPONSE 200 {"pragma":"no-cache","expires":"Mon, 01 Jan 1990 00:00:00 GMT","date":"Mon, 04 Oct 2021 09:01:01 GMT","cache-control":"no-cache, no-store, max-age=0, must-revalidate","content-type":"application/json; charset=utf-8","vary":"X-Origin, Referer, Origin,Accept-Encoding","server":"scaffolding on HTTPServer2","x-xss-protection":"0","x-frame-options":"SAMEORIGIN","x-content-type-options":"nosniff","alt-svc":"h3=\":443\"; ma=2592000,h3-29=\":443\"; ma=2592000,h3-T051=\":443\"; ma=2592000,h3-Q050=\":443\"; ma=2592000,h3-Q046=\":443\"; ma=2592000,h3-Q043=\":443\"; ma=2592000,quic=\":443\"; ma=2592000; v=\"46,43\"","accept-ranges":"none","transfer-encoding":"chunked"}
[debug] [2021-10-04T09:01:01.692Z] >>> HTTP REQUEST POST https://cloudresourcemanager.googleapis.com/v1/projects  
 {"projectId":"shail4499","name":"shail4499"}
[debug] [2021-10-04T09:01:03.846Z] <<< HTTP RESPONSE 200 {"content-type":"application/json; charset=UTF-8","vary":"X-Origin, Referer, Origin,Accept-Encoding","date":"Mon, 04 Oct 2021 09:01:03 GMT","server":"ESF","cache-control":"private","x-xss-protection":"0","x-frame-options":"SAMEORIGIN","x-content-type-options":"nosniff","server-timing":"gfet4t7; dur=1761","alt-svc":"h3=\":443\"; ma=2592000,h3-29=\":443\"; ma=2592000,h3-T051=\":443\"; ma=2592000,h3-Q050=\":443\"; ma=2592000,h3-Q046=\":443\"; ma=2592000,h3-Q043=\":443\"; ma=2592000,quic=\":443\"; ma=2592000; v=\"46,43\"","accept-ranges":"none","transfer-encoding":"chunked"}
[debug] [2021-10-04T09:01:03.849Z] > refreshing access token with scopes: []
[debug] [2021-10-04T09:01:03.849Z] >>> HTTP REQUEST POST https://www.googleapis.com/oauth2/v3/token  
 <request body omitted>
[debug] [2021-10-04T09:01:04.167Z] <<< HTTP RESPONSE 200 {"date":"Mon, 04 Oct 2021 09:01:04 GMT","cache-control":"no-cache, no-store, max-age=0, must-revalidate","pragma":"no-cache","expires":"Mon, 01 Jan 1990 00:00:00 GMT","content-type":"application/json; charset=utf-8","vary":"X-Origin, Referer, Origin,Accept-Encoding","server":"scaffolding on HTTPServer2","x-xss-protection":"0","x-frame-options":"SAMEORIGIN","x-content-type-options":"nosniff","alt-svc":"h3=\":443\"; ma=2592000,h3-29=\":443\"; ma=2592000,h3-T051=\":443\"; ma=2592000,h3-Q050=\":443\"; ma=2592000,h3-Q046=\":443\"; ma=2592000,h3-Q043=\":443\"; ma=2592000,quic=\":443\"; ma=2592000; v=\"46,43\"","accept-ranges":"none","transfer-encoding":"chunked"}
[debug] [2021-10-04T09:01:04.180Z] >>> [apiv2][query] GET https://cloudresourcemanager.googleapis.com/v1/operations/cp.5016350276275632085 [none]
[debug] [2021-10-04T09:01:06.182Z] <<< [apiv2][status] GET https://cloudresourcemanager.googleapis.com/v1/operations/cp.5016350276275632085 200
[debug] [2021-10-04T09:01:06.182Z] <<< [apiv2][body] GET https://cloudresourcemanager.googleapis.com/v1/operations/cp.5016350276275632085 {"name":"operations/cp.5016350276275632085","metadata":{"@type":"type.googleapis.com/google.cloudresourcemanager.v1.ProjectCreationStatus","gettable":true}}
[debug] [2021-10-04T09:01:06.694Z] [Project Creation Poller] Retrying task index 0
[debug] [2021-10-04T09:01:06.694Z] >>> [apiv2][query] GET https://cloudresourcemanager.googleapis.com/v1/operations/cp.5016350276275632085 [none]
[debug] [2021-10-04T09:01:08.731Z] <<< [apiv2][status] GET https://cloudresourcemanager.googleapis.com/v1/operations/cp.5016350276275632085 200
[debug] [2021-10-04T09:01:08.731Z] <<< [apiv2][body] GET https://cloudresourcemanager.googleapis.com/v1/operations/cp.5016350276275632085 {"name":"operations/cp.5016350276275632085","metadata":{"@type":"type.googleapis.com/google.cloudresourcemanager.v1.ProjectCreationStatus","gettable":true,"ready":true},"done":true,"response":{"@type":"type.googleapis.com/google.cloudresourcemanager.v1.Project","projectNumber":"274398022670","projectId":"shail4499","lifecycleState":"ACTIVE","name":"shail4499","createTime":"2021-10-04T09:01:03.629Z"}}
[debug] [2021-10-04T09:01:08.734Z] > refreshing access token with scopes: ["email","https://www.googleapis.com/auth/cloud-platform","https://www.googleapis.com/auth/cloudplatformprojects.readonly","https://www.googleapis.com/auth/firebase","openid"]
[debug] [2021-10-04T09:01:08.735Z] >>> HTTP REQUEST POST https://www.googleapis.com/oauth2/v3/token  
 <request body omitted>
[debug] [2021-10-04T09:01:09.029Z] <<< HTTP RESPONSE 200 {"date":"Mon, 04 Oct 2021 09:01:09 GMT","expires":"Mon, 01 Jan 1990 00:00:00 GMT","cache-control":"no-cache, no-store, max-age=0, must-revalidate","pragma":"no-cache","content-type":"application/json; charset=utf-8","vary":"X-Origin, Referer, Origin,Accept-Encoding","server":"scaffolding on HTTPServer2","x-xss-protection":"0","x-frame-options":"SAMEORIGIN","x-content-type-options":"nosniff","alt-svc":"h3=\":443\"; ma=2592000,h3-29=\":443\"; ma=2592000,h3-T051=\":443\"; ma=2592000,h3-Q050=\":443\"; ma=2592000,h3-Q046=\":443\"; ma=2592000,h3-Q043=\":443\"; ma=2592000,quic=\":443\"; ma=2592000; v=\"46,43\"","accept-ranges":"none","transfer-encoding":"chunked"}
[debug] [2021-10-04T09:01:09.040Z] >>> HTTP REQUEST POST https://firebase.googleapis.com/v1beta1/projects/shail4499:addFirebase  
 
[debug] [2021-10-04T09:01:12.596Z] <<< HTTP RESPONSE 200 {"content-type":"application/json; charset=UTF-8","vary":"X-Origin, Referer, Origin,Accept-Encoding","date":"Mon, 04 Oct 2021 09:01:12 GMT","server":"ESF","cache-control":"private","x-xss-protection":"0","x-frame-options":"SAMEORIGIN","x-content-type-options":"nosniff","alt-svc":"h3=\":443\"; ma=2592000,h3-29=\":443\"; ma=2592000,h3-T051=\":443\"; ma=2592000,h3-Q050=\":443\"; ma=2592000,h3-Q046=\":443\"; ma=2592000,h3-Q043=\":443\"; ma=2592000,quic=\":443\"; ma=2592000; v=\"46,43\"","accept-ranges":"none","transfer-encoding":"chunked"}
[debug] [2021-10-04T09:01:12.597Z] > refreshing access token with scopes: []
[debug] [2021-10-04T09:01:12.597Z] >>> HTTP REQUEST POST https://www.googleapis.com/oauth2/v3/token  
 <request body omitted>
[debug] [2021-10-04T09:01:12.878Z] <<< HTTP RESPONSE 200 {"pragma":"no-cache","cache-control":"no-cache, no-store, max-age=0, must-revalidate","date":"Mon, 04 Oct 2021 09:01:13 GMT","expires":"Mon, 01 Jan 1990 00:00:00 GMT","content-type":"application/json; charset=utf-8","vary":"X-Origin, Referer, Origin,Accept-Encoding","server":"scaffolding on HTTPServer2","x-xss-protection":"0","x-frame-options":"SAMEORIGIN","x-content-type-options":"nosniff","alt-svc":"h3=\":443\"; ma=2592000,h3-29=\":443\"; ma=2592000,h3-T051=\":443\"; ma=2592000,h3-Q050=\":443\"; ma=2592000,h3-Q046=\":443\"; ma=2592000,h3-Q043=\":443\"; ma=2592000,quic=\":443\"; ma=2592000; v=\"46,43\"","accept-ranges":"none","transfer-encoding":"chunked"}
[debug] [2021-10-04T09:01:12.887Z] >>> [apiv2][query] GET https://firebase.googleapis.com/v1beta1/operations/workflows/NGYzODU2NDgtMmJhYi00YjhhLThkZGEtMWFiMjE1NzI0ZDVh [none]
[debug] [2021-10-04T09:01:14.363Z] <<< [apiv2][status] GET https://firebase.googleapis.com/v1beta1/operations/workflows/NGYzODU2NDgtMmJhYi00YjhhLThkZGEtMWFiMjE1NzI0ZDVh 200
[debug] [2021-10-04T09:01:14.363Z] <<< [apiv2][body] GET https://firebase.googleapis.com/v1beta1/operations/workflows/NGYzODU2NDgtMmJhYi00YjhhLThkZGEtMWFiMjE1NzI0ZDVh {"name":"operations/workflows/NGYzODU2NDgtMmJhYi00YjhhLThkZGEtMWFiMjE1NzI0ZDVh"}
[debug] [2021-10-04T09:01:14.880Z] [Add Firebase Poller] Retrying task index 0
[debug] [2021-10-04T09:01:14.881Z] >>> [apiv2][query] GET https://firebase.googleapis.com/v1beta1/operations/workflows/NGYzODU2NDgtMmJhYi00YjhhLThkZGEtMWFiMjE1NzI0ZDVh [none]
[debug] [2021-10-04T09:01:16.009Z] <<< [apiv2][status] GET https://firebase.googleapis.com/v1beta1/operations/workflows/NGYzODU2NDgtMmJhYi00YjhhLThkZGEtMWFiMjE1NzI0ZDVh 200
[debug] [2021-10-04T09:01:16.009Z] <<< [apiv2][body] GET https://firebase.googleapis.com/v1beta1/operations/workflows/NGYzODU2NDgtMmJhYi00YjhhLThkZGEtMWFiMjE1NzI0ZDVh {"name":"operations/workflows/NGYzODU2NDgtMmJhYi00YjhhLThkZGEtMWFiMjE1NzI0ZDVh"}
[debug] [2021-10-04T09:01:17.010Z] [Add Firebase Poller] Retrying task index 0
[debug] [2021-10-04T09:01:17.010Z] >>> [apiv2][query] GET https://firebase.googleapis.com/v1beta1/operations/workflows/NGYzODU2NDgtMmJhYi00YjhhLThkZGEtMWFiMjE1NzI0ZDVh [none]
[debug] [2021-10-04T09:01:18.142Z] <<< [apiv2][status] GET https://firebase.googleapis.com/v1beta1/operations/workflows/NGYzODU2NDgtMmJhYi00YjhhLThkZGEtMWFiMjE1NzI0ZDVh 200
[debug] [2021-10-04T09:01:18.143Z] <<< [apiv2][body] GET https://firebase.googleapis.com/v1beta1/operations/workflows/NGYzODU2NDgtMmJhYi00YjhhLThkZGEtMWFiMjE1NzI0ZDVh {"name":"operations/workflows/NGYzODU2NDgtMmJhYi00YjhhLThkZGEtMWFiMjE1NzI0ZDVh"}
[debug] [2021-10-04T09:01:20.153Z] [Add Firebase Poller] Retrying task index 0
[debug] [2021-10-04T09:01:20.153Z] >>> [apiv2][query] GET https://firebase.googleapis.com/v1beta1/operations/workflows/NGYzODU2NDgtMmJhYi00YjhhLThkZGEtMWFiMjE1NzI0ZDVh [none]
[debug] [2021-10-04T09:01:21.206Z] <<< [apiv2][status] GET https://firebase.googleapis.com/v1beta1/operations/workflows/NGYzODU2NDgtMmJhYi00YjhhLThkZGEtMWFiMjE1NzI0ZDVh 200
[debug] [2021-10-04T09:01:21.207Z] <<< [apiv2][body] GET https://firebase.googleapis.com/v1beta1/operations/workflows/NGYzODU2NDgtMmJhYi00YjhhLThkZGEtMWFiMjE1NzI0ZDVh {"name":"operations/workflows/NGYzODU2NDgtMmJhYi00YjhhLThkZGEtMWFiMjE1NzI0ZDVh"}
[debug] [2021-10-04T09:01:25.210Z] [Add Firebase Poller] Retrying task index 0
[debug] [2021-10-04T09:01:25.210Z] >>> [apiv2][query] GET https://firebase.googleapis.com/v1beta1/operations/workflows/NGYzODU2NDgtMmJhYi00YjhhLThkZGEtMWFiMjE1NzI0ZDVh [none]
[debug] [2021-10-04T09:01:26.666Z] <<< [apiv2][status] GET https://firebase.googleapis.com/v1beta1/operations/workflows/NGYzODU2NDgtMmJhYi00YjhhLThkZGEtMWFiMjE1NzI0ZDVh 200
[debug] [2021-10-04T09:01:26.666Z] <<< [apiv2][body] GET https://firebase.googleapis.com/v1beta1/operations/workflows/NGYzODU2NDgtMmJhYi00YjhhLThkZGEtMWFiMjE1NzI0ZDVh {"name":"operations/workflows/NGYzODU2NDgtMmJhYi00YjhhLThkZGEtMWFiMjE1NzI0ZDVh","done":true,"response":{"@type":"type.googleapis.com/google.firebase.service.v1beta1.FirebaseProject","projectId":"shail4499","projectNumber":"274398022670","displayName":"shail4499","name":"projects/shail4499","resources":{"hostingSite":"shail4499"}}}
[info] 
[info] === Your Firebase project is ready! ===
[info] 
[info] Project information:
[info]    - Project ID: shail4499
[info]    - Project Name: shail4499
[info] 
[info] Firebase console is available at
[info] https://console.firebase.google.com/project/shail4499/overview
[info] i  Using project shail4499 (shail4499) 
[info] 
=== Hosting Setup
[info] 
[info] Your public directory is the folder (relative to your project directory) that
[info] will contain Hosting assets to be uploaded with firebase deploy. If you
[info] have a build process for your assets, use your build's output directory.
[info] 
[debug] [2021-10-04T09:01:52.598Z] >>> [apiv2][query] GET https://www.gstatic.com/firebasejs/releases.json [none]
[debug] [2021-10-04T09:01:52.841Z] <<< [apiv2][status] GET https://www.gstatic.com/firebasejs/releases.json 200
[debug] [2021-10-04T09:01:52.841Z] <<< [apiv2][body] GET https://www.gstatic.com/firebasejs/releases.json {"current":{"version":"9.1.1","browserURL":"https://www.gstatic.com/firebasejs/9.1.1/firebase.js","packageURL":"https://www.gstatic.com/firebasejs/9.1.1/firebase.tgz"},"live":{"version":"9.1","browserURL":"https://www.gstatic.com/firebasejs/live/9.1/firebase.js","packageURL":"https://www.gstatic.com/firebasejs/live/9.1/firebase.tgz"},"components":{"analytics":"https://www.gstatic.com/firebasejs/9.1.1/firebase-analytics.js","app":"https://www.gstatic.com/firebasejs/9.1.1/firebase-app.js","app-check":"https://www.gstatic.com/firebasejs/9.1.1/firebase-app-check.js","auth":"https://www.gstatic.com/firebasejs/9.1.1/firebase-auth.js","auth/cordova":"https://www.gstatic.com/firebasejs/9.1.1/firebase-auth/cordova.js","auth/react-native":"https://www.gstatic.com/firebasejs/9.1.1/firebase-auth/react-native.js","functions":"https://www.gstatic.com/firebasejs/9.1.1/firebase-functions.js","firestore":"https://www.gstatic.com/firebasejs/9.1.1/firebase-firestore.js","firestore/lite":"https://www.gstatic.com/firebasejs/9.1.1/firebase-firestore/lite.js","storage":"https://www.gstatic.com/firebasejs/9.1.1/firebase-storage.js","performance":"https://www.gstatic.com/firebasejs/9.1.1/firebase-performance.js","remote-config":"https://www.gstatic.com/firebasejs/9.1.1/firebase-remote-config.js","messaging":"https://www.gstatic.com/firebasejs/9.1.1/firebase-messaging.js","messaging/sw":"https://www.gstatic.com/firebasejs/9.1.1/firebase-messaging/sw.js","database":"https://www.gstatic.com/firebasejs/9.1.1/firebase-database.js","firestore.memory":"https://www.gstatic.com/firebasejs/9.1.1/firebase-firestore.memory.js"}}
[info] +  Wrote y/index.html 
[info] 
[info] i  Didn't detect a .git folder. Assuming C:\Users\HP\Desktop\amazonweb is the project root. 
[info] i  Authorizing with GitHub to upload your service account to a GitHub repository's secrets store. 
[info] 
[info] Visit this URL on this device to log in:
[info] https://github.com/login/oauth/authorize?client_id=89cf50f02ac6aaed3484&state=880686516&redirect_uri=http%3A%2F%2Flocalhost%3A9005&scope=read%3Auser%20repo%20public_repo
[info] 
[info] Waiting for authentication...
[debug] [2021-10-04T09:01:52.864Z] Error: spawn cmd ENOENT
    at Process.ChildProcess._handle.onexit (internal/child_process.js:274:19)
    at onErrorNT (internal/child_process.js:469:16)
    at processTicksAndRejections (internal/process/task_queues.js:82:21)
[error] 
[error] Error: An unexpected error has occurred.
[debug] [2021-10-04T09:02:20.442Z] ----------------------------------------------------------------------
[debug] [2021-10-04T09:02:20.444Z] Command:       C:\Program Files\nodejs\node.exe C:\Users\HP\AppData\Roaming\npm\node_modules\firebase-tools\lib\bin\firebase.js init
[debug] [2021-10-04T09:02:20.444Z] CLI Version:   9.19.0
[debug] [2021-10-04T09:02:20.444Z] Platform:      win32
[debug] [2021-10-04T09:02:20.444Z] Node Version:  v14.18.0
[debug] [2021-10-04T09:02:20.445Z] Time:          Mon Oct 04 2021 14:32:20 GMT+0530 (India Standard Time)
[debug] [2021-10-04T09:02:20.445Z] ----------------------------------------------------------------------
[debug] 
[debug] [2021-10-04T09:02:20.450Z] > command requires scopes: ["email","openid","https://www.googleapis.com/auth/cloudplatformprojects.readonly","https://www.googleapis.com/auth/firebase","https://www.googleapis.com/auth/cloud-platform"]
[debug] [2021-10-04T09:02:20.450Z] > authorizing via signed-in user (shailchaudhary4499@gmail.com)
[info] 
     ######## #### ########  ######## ########     ###     ######  ########
     ##        ##  ##     ## ##       ##     ##  ##   ##  ##       ##
     ######    ##  ########  ######   ########  #########  ######  ######
     ##        ##  ##    ##  ##       ##     ## ##     ##       ## ##
     ##       #### ##     ## ######## ########  ##     ##  ######  ########

You're about to initialize a Firebase project in this directory:

  C:\Users\HP\Desktop\amazonweb

[info] 
=== Project Setup
[info] 
[info] First, let's associate this project directory with a Firebase project.
[info] You can create multiple project aliases by running firebase use --add, 
[info] but for now we'll just set up a default project.
[info] 
[debug] [2021-10-04T09:02:43.328Z] >>> [apiv2][query] GET https://firebase.googleapis.com/v1beta1/projects pageSize=100
[debug] [2021-10-04T09:02:44.461Z] <<< [apiv2][status] GET https://firebase.googleapis.com/v1beta1/projects 200
[debug] [2021-10-04T09:02:44.461Z] <<< [apiv2][body] GET https://firebase.googleapis.com/v1beta1/projects [omitted]
[info] i  Using project shop-da139 (amazonshop) 
[info] 
=== Hosting Setup
[info] 
[info] Your public directory is the folder (relative to your project directory) that
[info] will contain Hosting assets to be uploaded with firebase deploy. If you
[info] have a build process for your assets, use your build's output directory.
[info] 
[debug] [2021-10-04T09:03:02.647Z] >>> [apiv2][query] GET https://www.gstatic.com/firebasejs/releases.json [none]
[debug] [2021-10-04T09:03:02.948Z] <<< [apiv2][status] GET https://www.gstatic.com/firebasejs/releases.json 200
[debug] [2021-10-04T09:03:02.948Z] <<< [apiv2][body] GET https://www.gstatic.com/firebasejs/releases.json {"current":{"version":"9.1.1","browserURL":"https://www.gstatic.com/firebasejs/9.1.1/firebase.js","packageURL":"https://www.gstatic.com/firebasejs/9.1.1/firebase.tgz"},"live":{"version":"9.1","browserURL":"https://www.gstatic.com/firebasejs/live/9.1/firebase.js","packageURL":"https://www.gstatic.com/firebasejs/live/9.1/firebase.tgz"},"components":{"analytics":"https://www.gstatic.com/firebasejs/9.1.1/firebase-analytics.js","app":"https://www.gstatic.com/firebasejs/9.1.1/firebase-app.js","app-check":"https://www.gstatic.com/firebasejs/9.1.1/firebase-app-check.js","auth":"https://www.gstatic.com/firebasejs/9.1.1/firebase-auth.js","auth/cordova":"https://www.gstatic.com/firebasejs/9.1.1/firebase-auth/cordova.js","auth/react-native":"https://www.gstatic.com/firebasejs/9.1.1/firebase-auth/react-native.js","functions":"https://www.gstatic.com/firebasejs/9.1.1/firebase-functions.js","firestore":"https://www.gstatic.com/firebasejs/9.1.1/firebase-firestore.js","firestore/lite":"https://www.gstatic.com/firebasejs/9.1.1/firebase-firestore/lite.js","storage":"https://www.gstatic.com/firebasejs/9.1.1/firebase-storage.js","performance":"https://www.gstatic.com/firebasejs/9.1.1/firebase-performance.js","remote-config":"https://www.gstatic.com/firebasejs/9.1.1/firebase-remote-config.js","messaging":"https://www.gstatic.com/firebasejs/9.1.1/firebase-messaging.js","messaging/sw":"https://www.gstatic.com/firebasejs/9.1.1/firebase-messaging/sw.js","database":"https://www.gstatic.com/firebasejs/9.1.1/firebase-database.js","firestore.memory":"https://www.gstatic.com/firebasejs/9.1.1/firebase-firestore.memory.js"}}
[info] +  Wrote y/index.html 
[info] 
[info] i  Didn't detect a .git folder. Assuming C:\Users\HP\Desktop\amazonweb is the project root. 
[info] i  Authorizing with GitHub to upload your service account to a GitHub repository's secrets store. 
[info] 
[info] Visit this URL on this device to log in:
[info] https://github.com/login/oauth/authorize?client_id=89cf50f02ac6aaed3484&state=746801313&redirect_uri=http%3A%2F%2Flocalhost%3A9005&scope=read%3Auser%20repo%20public_repo
[info] 
[info] Waiting for authentication...
[debug] [2021-10-04T09:03:04.600Z] Error: spawn cmd ENOENT
    at Process.ChildProcess._handle.onexit (internal/child_process.js:274:19)
    at onErrorNT (internal/child_process.js:469:16)
    at processTicksAndRejections (internal/process/task_queues.js:82:21)
[error] 
[error] Error: An unexpected error has occurred.
